#
# There is insufficient memory for the Java Runtime Environment to continue.
# Native memory allocation (malloc) failed to allocate 32744 bytes for ChunkPool::allocate
# Possible reasons:
#   The system is out of physical RAM or swap space
#   In 32 bit mode, the process size limit was hit
# Possible solutions:
#   Reduce memory load on the system
#   Increase physical memory or swap space
#   Check if swap backing store is full
#   Use 64 bit Java on a 64 bit OS
#   Decrease Java heap size (-Xmx/-Xms)
#   Decrease number of Java threads
#   Decrease Java thread stack sizes (-Xss)
#   Set larger code cache with -XX:ReservedCodeCacheSize=
# This output file may be truncated or incomplete.
#
#  Out of Memory Error (allocation.cpp:273), pid=9592, tid=0x0000000000002600
#
# JRE version: Java(TM) SE Runtime Environment (8.0_101-b13) (build 1.8.0_101-b13)
# Java VM: Java HotSpot(TM) 64-Bit Server VM (25.101-b13 mixed mode windows-amd64 compressed oops)
# Failed to write core dump. Minidumps are not enabled by default on client versions of Windows
#

---------------  T H R E A D  ---------------

Current thread (0x0000000017855000):  JavaThread "C2 CompilerThread0" daemon [_thread_in_native, id=9728, stack(0x0000000018e90000,0x0000000018f90000)]

Stack: [0x0000000018e90000,0x0000000018f90000]
[error occurred during error reporting (printing stack bounds), id 0xc0000005]

Native frames: (J=compiled Java code, j=interpreted, Vv=VM code, C=native code)


Current CompileTask:
C2:   6042 2892       4       oracle.xml.parser.v2.DocumentBuilder::startElement (1172 bytes)


---------------  P R O C E S S  ---------------

Java Threads: ( => current thread )
  0x000000001ccfd800 JavaThread "AWT-EventQueue-0" [_thread_in_Java, id=4616, stack(0x000000001dff0000,0x000000001e0f0000)]
  0x000000001d4ab000 JavaThread "Thread-3" [_thread_blocked, id=1432, stack(0x000000001def0000,0x000000001dff0000)]
  0x000000001cdc6800 JavaThread "ImmediateThread-1545555681734" daemon [_thread_blocked, id=7848, stack(0x000000001dbf0000,0x000000001dcf0000)]
  0x000000001cc9c000 JavaThread "Image Fetcher 0" daemon [_thread_blocked, id=9584, stack(0x000000001b940000,0x000000001ba40000)]
  0x0000000019e46800 JavaThread "AWT-Windows" daemon [_thread_in_native, id=7180, stack(0x000000001a2d0000,0x000000001a3d0000)]
  0x0000000019e6f000 JavaThread "AWT-Shutdown" [_thread_blocked, id=11816, stack(0x000000001a1d0000,0x000000001a2d0000)]
  0x0000000019deb000 JavaThread "Java2D Disposer" daemon [_thread_blocked, id=9436, stack(0x000000001a0d0000,0x000000001a1d0000)]
  0x00000000178ac000 JavaThread "Service Thread" daemon [_thread_blocked, id=4136, stack(0x0000000019590000,0x0000000019690000)]
  0x000000001785f800 JavaThread "C1 CompilerThread2" daemon [_thread_in_native, id=2468, stack(0x0000000019090000,0x0000000019190000)]
  0x000000001785c000 JavaThread "C2 CompilerThread1" daemon [_thread_in_native, id=12332, stack(0x0000000018f90000,0x0000000019090000)]
=>0x0000000017855000 JavaThread "C2 CompilerThread0" daemon [_thread_in_native, id=9728, stack(0x0000000018e90000,0x0000000018f90000)]
  0x0000000017853000 JavaThread "Attach Listener" daemon [_thread_blocked, id=4264, stack(0x0000000018d90000,0x0000000018e90000)]
  0x0000000017852000 JavaThread "Signal Dispatcher" daemon [_thread_blocked, id=3692, stack(0x0000000018c90000,0x0000000018d90000)]
  0x0000000017840000 JavaThread "Finalizer" daemon [_thread_blocked, id=5860, stack(0x0000000018aa0000,0x0000000018ba0000)]
  0x0000000002cc5800 JavaThread "Reference Handler" daemon [_thread_blocked, id=2052, stack(0x00000000189a0000,0x0000000018aa0000)]
  0x0000000002bd5800 JavaThread "main" [_thread_blocked, id=2524, stack(0x0000000002ad0000,0x0000000002bd0000)]

Other Threads:
  0x0000000017819000 VMThread [stack: 0x00000000188a0000,0x00000000189a0000] [id=1436]
  0x0000000019215000 WatcherThread [stack: 0x0000000019690000,0x0000000019790000] [id=8220]

VM state:not at safepoint (normal execution)

VM Mutex/Monitor currently owned by a thread: None

Heap:
 PSYoungGen      total 141824K, used 24776K [0x00000000d5d80000, 0x00000000e5080000, 0x0000000100000000)
  eden space 130560K, 18% used [0x00000000d5d80000,0x00000000d75b20b8,0x00000000ddd00000)
  from space 11264K, 0% used [0x00000000ddd00000,0x00000000ddd00000,0x00000000de800000)
  to   space 14336K, 0% used [0x00000000e4280000,0x00000000e4280000,0x00000000e5080000)
 ParOldGen       total 74240K, used 21640K [0x0000000081800000, 0x0000000086080000, 0x00000000d5d80000)
  object space 74240K, 29% used [0x0000000081800000,0x0000000082d222b8,0x0000000086080000)
 Metaspace       used 38826K, capacity 39050K, committed 39512K, reserved 1085440K
  class space    used 4309K, capacity 4385K, committed 4480K, reserved 1048576K

Card table byte_map: [0x0000000012090000,0x0000000012490000] byte_map_base: 0x0000000011c84000

Marking Bits: (ParMarkBitMap*) 0x0000000058a6a6d0
 Begin Bits: [0x0000000012b40000, 0x0000000014ae0000)
 End Bits:   [0x0000000014ae0000, 0x0000000016a80000)

Polling page: 0x0000000000bd0000

CodeCache: size=245760Kb used=10875Kb max_used=10875Kb free=234884Kb
 bounds [0x0000000002cd0000, 0x0000000003780000, 0x0000000011cd0000]
 total_blobs=3607 nmethods=3048 adapters=471
 compilation: enabled

Compilation events (10 events):
Event: 6.022 Thread 0x000000001785f800 nmethod 3065 0x0000000003772c90 code [0x0000000003772de0, 0x0000000003772f50]
Event: 6.022 Thread 0x000000001785f800 3066       2       com.sun.org.apache.xpath.internal.objects.XNodeSet::compare (453 bytes)
Event: 6.024 Thread 0x000000001785f800 nmethod 3066 0x0000000003772fd0 code [0x00000000037733c0, 0x00000000037742f8]
Event: 6.024 Thread 0x000000001785f800 3067       2       com.sun.org.apache.xpath.internal.objects.XString::equals (40 bytes)
Event: 6.024 Thread 0x000000001785f800 nmethod 3067 0x00000000037752d0 code [0x0000000003775460, 0x00000000037756d8]
Event: 6.025 Thread 0x000000001785f800 3068       2       com.sun.org.apache.xpath.internal.axes.LocPathIterator::detach (51 bytes)
Event: 6.025 Thread 0x000000001785f800 nmethod 3068 0x0000000003775890 code [0x0000000003775a00, 0x0000000003775d88]
Event: 6.032 Thread 0x000000001785f800 3072       2       com.sun.org.apache.xpath.internal.compiler.XPathParser::tokenIs (25 bytes)
Event: 6.033 Thread 0x000000001785f800 nmethod 3072 0x0000000003775e90 code [0x0000000003775fe0, 0x0000000003776150]
Event: 6.039 Thread 0x000000001785f800 3074       2       com.sun.org.apache.xpath.internal.compiler.OpMap::getTokenQueueSize (8 bytes)

GC Heap History (10 events):
Event: 2.697 GC heap before
{Heap before GC invocations=5 (full 0):
 PSYoungGen      total 71680K, used 6897K [0x00000000d5d80000, 0x00000000da880000, 0x0000000100000000)
  eden space 66560K, 2% used [0x00000000d5d80000,0x00000000d5f3ca30,0x00000000d9e80000)
  from space 5120K, 99% used [0x00000000da380000,0x00000000da87fba8,0x00000000da880000)
  to   space 5120K, 0% used [0x00000000d9e80000,0x00000000d9e80000,0x00000000da380000)
 ParOldGen       total 87552K, used 10266K [0x0000000081800000, 0x0000000086d80000, 0x00000000d5d80000)
  object space 87552K, 11% used [0x0000000081800000,0x0000000082206810,0x0000000086d80000)
 Metaspace       used 20836K, capacity 21008K, committed 21248K, reserved 1069056K
  class space    used 2356K, capacity 2450K, committed 2560K, reserved 1048576K
Event: 2.717 GC heap after
Heap after GC invocations=5 (full 0):
 PSYoungGen      total 71680K, used 5118K [0x00000000d5d80000, 0x00000000df680000, 0x0000000100000000)
  eden space 66560K, 0% used [0x00000000d5d80000,0x00000000d5d80000,0x00000000d9e80000)
  from space 5120K, 99% used [0x00000000d9e80000,0x00000000da37fba8,0x00000000da380000)
  to   space 11776K, 0% used [0x00000000deb00000,0x00000000deb00000,0x00000000df680000)
 ParOldGen       total 87552K, used 10446K [0x0000000081800000, 0x0000000086d80000, 0x00000000d5d80000)
  object space 87552K, 11% used [0x0000000081800000,0x0000000082233a10,0x0000000086d80000)
 Metaspace       used 20836K, capacity 21008K, committed 21248K, reserved 1069056K
  class space    used 2356K, capacity 2450K, committed 2560K, reserved 1048576K
}
Event: 2.717 GC heap before
{Heap before GC invocations=6 (full 1):
 PSYoungGen      total 71680K, used 5118K [0x00000000d5d80000, 0x00000000df680000, 0x0000000100000000)
  eden space 66560K, 0% used [0x00000000d5d80000,0x00000000d5d80000,0x00000000d9e80000)
  from space 5120K, 99% used [0x00000000d9e80000,0x00000000da37fba8,0x00000000da380000)
  to   space 11776K, 0% used [0x00000000deb00000,0x00000000deb00000,0x00000000df680000)
 ParOldGen       total 87552K, used 10446K [0x0000000081800000, 0x0000000086d80000, 0x00000000d5d80000)
  object space 87552K, 11% used [0x0000000081800000,0x0000000082233a10,0x0000000086d80000)
 Metaspace       used 20836K, capacity 21008K, committed 21248K, reserved 1069056K
  class space    used 2356K, capacity 2450K, committed 2560K, reserved 1048576K
Event: 2.788 GC heap after
Heap after GC invocations=6 (full 1):
 PSYoungGen      total 71680K, used 0K [0x00000000d5d80000, 0x00000000df680000, 0x0000000100000000)
  eden space 66560K, 0% used [0x00000000d5d80000,0x00000000d5d80000,0x00000000d9e80000)
  from space 5120K, 0% used [0x00000000d9e80000,0x00000000d9e80000,0x00000000da380000)
  to   space 11776K, 0% used [0x00000000deb00000,0x00000000deb00000,0x00000000df680000)
 ParOldGen       total 58368K, used 13938K [0x0000000081800000, 0x0000000085100000, 0x00000000d5d80000)
  object space 58368K, 23% used [0x0000000081800000,0x000000008259cb60,0x0000000085100000)
 Metaspace       used 20836K, capacity 21008K, committed 21248K, reserved 1069056K
  class space    used 2356K, capacity 2450K, committed 2560K, reserved 1048576K
}
Event: 4.138 GC heap before
{Heap before GC invocations=7 (full 1):
 PSYoungGen      total 71680K, used 66560K [0x00000000d5d80000, 0x00000000df680000, 0x0000000100000000)
  eden space 66560K, 100% used [0x00000000d5d80000,0x00000000d9e80000,0x00000000d9e80000)
  from space 5120K, 0% used [0x00000000d9e80000,0x00000000d9e80000,0x00000000da380000)
  to   space 11776K, 0% used [0x00000000deb00000,0x00000000deb00000,0x00000000df680000)
 ParOldGen       total 58368K, used 13938K [0x0000000081800000, 0x0000000085100000, 0x00000000d5d80000)
  object space 58368K, 23% used [0x0000000081800000,0x000000008259cb60,0x0000000085100000)
 Metaspace       used 30409K, capacity 30666K, committed 30976K, reserved 1077248K
  class space    used 3405K, capacity 3489K, committed 3584K, reserved 1048576K
Event: 4.147 GC heap after
Heap after GC invocations=7 (full 1):
 PSYoungGen      total 130560K, used 7927K [0x00000000d5d80000, 0x00000000df300000, 0x0000000100000000)
  eden space 122368K, 0% used [0x00000000d5d80000,0x00000000d5d80000,0x00000000dd500000)
  from space 8192K, 96% used [0x00000000deb00000,0x00000000df2bdc88,0x00000000df300000)
  to   space 11264K, 0% used [0x00000000ddd00000,0x00000000ddd00000,0x00000000de800000)
 ParOldGen       total 58368K, used 14010K [0x0000000081800000, 0x0000000085100000, 0x00000000d5d80000)
  object space 58368K, 24% used [0x0000000081800000,0x00000000825aeb70,0x0000000085100000)
 Metaspace       used 30409K, capacity 30666K, committed 30976K, reserved 1077248K
  class space    used 3405K, capacity 3489K, committed 3584K, reserved 1048576K
}
Event: 5.393 GC heap before
{Heap before GC invocations=8 (full 1):
 PSYoungGen      total 130560K, used 66918K [0x00000000d5d80000, 0x00000000df300000, 0x0000000100000000)
  eden space 122368K, 48% used [0x00000000d5d80000,0x00000000d971bed8,0x00000000dd500000)
  from space 8192K, 96% used [0x00000000deb00000,0x00000000df2bdc88,0x00000000df300000)
  to   space 11264K, 0% used [0x00000000ddd00000,0x00000000ddd00000,0x00000000de800000)
 ParOldGen       total 58368K, used 14010K [0x0000000081800000, 0x0000000085100000, 0x00000000d5d80000)
  object space 58368K, 24% used [0x0000000081800000,0x00000000825aeb70,0x0000000085100000)
 Metaspace       used 34960K, capacity 35146K, committed 35416K, reserved 1081344K
  class space    used 3862K, capacity 3937K, committed 3968K, reserved 1048576K
Event: 5.410 GC heap after
Heap after GC invocations=8 (full 1):
 PSYoungGen      total 141824K, used 11244K [0x00000000d5d80000, 0x00000000e5080000, 0x0000000100000000)
  eden space 130560K, 0% used [0x00000000d5d80000,0x00000000d5d80000,0x00000000ddd00000)
  from space 11264K, 99% used [0x00000000ddd00000,0x00000000de7fb0e8,0x00000000de800000)
  to   space 14336K, 0% used [0x00000000e4280000,0x00000000e4280000,0x00000000e5080000)
 ParOldGen       total 58368K, used 16766K [0x0000000081800000, 0x0000000085100000, 0x00000000d5d80000)
  object space 58368K, 28% used [0x0000000081800000,0x000000008285f950,0x0000000085100000)
 Metaspace       used 34960K, capacity 35146K, committed 35416K, reserved 1081344K
  class space    used 3862K, capacity 3937K, committed 3968K, reserved 1048576K
}
Event: 5.410 GC heap before
{Heap before GC invocations=9 (full 2):
 PSYoungGen      total 141824K, used 11244K [0x00000000d5d80000, 0x00000000e5080000, 0x0000000100000000)
  eden space 130560K, 0% used [0x00000000d5d80000,0x00000000d5d80000,0x00000000ddd00000)
  from space 11264K, 99% used [0x00000000ddd00000,0x00000000de7fb0e8,0x00000000de800000)
  to   space 14336K, 0% used [0x00000000e4280000,0x00000000e4280000,0x00000000e5080000)
 ParOldGen       total 58368K, used 16766K [0x0000000081800000, 0x0000000085100000, 0x00000000d5d80000)
  object space 58368K, 28% used [0x0000000081800000,0x000000008285f950,0x0000000085100000)
 Metaspace       used 34960K, capacity 35146K, committed 35416K, reserved 1081344K
  class space    used 3862K, capacity 3937K, committed 3968K, reserved 1048576K
Event: 5.504 GC heap after
Heap after GC invocations=9 (full 2):
 PSYoungGen      total 141824K, used 0K [0x00000000d5d80000, 0x00000000e5080000, 0x0000000100000000)
  eden space 130560K, 0% used [0x00000000d5d80000,0x00000000d5d80000,0x00000000ddd00000)
  from space 11264K, 0% used [0x00000000ddd00000,0x00000000ddd00000,0x00000000de800000)
  to   space 14336K, 0% used [0x00000000e4280000,0x00000000e4280000,0x00000000e5080000)
 ParOldGen       total 74240K, used 21640K [0x0000000081800000, 0x0000000086080000, 0x00000000d5d80000)
  object space 74240K, 29% used [0x0000000081800000,0x0000000082d222b8,0x0000000086080000)
 Metaspace       used 34960K, capacity 35146K, committed 35416K, reserved 1081344K
  class space    used 3862K, capacity 3937K, committed 3968K, reserved 1048576K
}

Deoptimization events (10 events):
Event: 5.381 Thread 0x000000001ccfd800 Uncommon trap: reason=null_check action=make_not_entrant pc=0x0000000003647488 method=oracle.xml.parser.v2.XMLElement.xdkGetParentNode()Loracle/xml/parser/v2/XMLNode; @ 12
Event: 5.381 Thread 0x000000001ccfd800 Uncommon trap: reason=null_check action=make_not_entrant pc=0x00000000036c3398 method=oracle.xml.parser.v2.XMLElement.xdkGetNextNode()Loracle/xml/parser/v2/XMLNode; @ 287
Event: 5.715 Thread 0x000000001ccfd800 Uncommon trap: reason=unstable_if action=reinterpret pc=0x0000000003191c74 method=java.lang.String.lastIndexOf([CII[CIII)I @ 118
Event: 5.728 Thread 0x000000001ccfd800 Uncommon trap: reason=predicate action=maybe_recompile pc=0x00000000036d4b38 method=java.lang.String.regionMatches(ZILjava/lang/String;II)Z @ 63
Event: 5.748 Thread 0x000000001ccfd800 Uncommon trap: reason=unstable_if action=reinterpret pc=0x00000000036b9d24 method=oracle.xml.parser.v2.DocumentBuilder.characters([CII)V @ 12
Event: 5.749 Thread 0x000000001ccfd800 Uncommon trap: reason=unstable_if action=reinterpret pc=0x00000000036dd368 method=oracle.xml.parser.v2.DocumentBuilder.characters([CII)V @ 12
Event: 5.749 Thread 0x000000001ccfd800 Uncommon trap: reason=unstable_if action=reinterpret pc=0x00000000036e1c84 method=oracle.xml.parser.v2.DocumentBuilder.characters([CII)V @ 12
Event: 5.859 Thread 0x000000001ccfd800 Uncommon trap: reason=unstable_if action=reinterpret pc=0x00000000036cfba4 method=oracle.xml.parser.v2.NonValidatingParser.parseAttrValue()Ljava/lang/String; @ 19
Event: 5.882 Thread 0x000000001ccfd800 Uncommon trap: reason=unstable_if action=reinterpret pc=0x00000000036ca204 method=oracle.xml.parser.v2.XMLAttr.getNodeValue()Ljava/lang/String; @ 40
Event: 5.882 Thread 0x000000001ccfd800 Uncommon trap: reason=null_check action=make_not_entrant pc=0x00000000036cc290 method=oracle.xml.parser.v2.XMLAttr.xdkGetNodeValue()Ljava/lang/String; @ 44

Internal exceptions (10 events):
Event: 5.175 Thread 0x000000001ccfd800 Exception <a 'java/lang/ArrayIndexOutOfBoundsException'> (0x00000000d86eddb8) thrown at [C:\re\workspace\8-2-build-windows-amd64-cygwin\jdk8u101\7261\hotspot\src\share\vm\runtime\sharedRuntime.cpp, line 605]
Event: 5.283 Thread 0x000000001ccfd800 Exception <a 'java/lang/ArrayIndexOutOfBoundsException'> (0x00000000d8f0ecb0) thrown at [C:\re\workspace\8-2-build-windows-amd64-cygwin\jdk8u101\7261\hotspot\src\share\vm\runtime\sharedRuntime.cpp, line 605]
Event: 5.283 Thread 0x000000001ccfd800 Exception <a 'java/lang/ArrayIndexOutOfBoundsException'> (0x00000000d8f0f2c0) thrown at [C:\re\workspace\8-2-build-windows-amd64-cygwin\jdk8u101\7261\hotspot\src\share\vm\runtime\sharedRuntime.cpp, line 605]
Event: 5.381 Thread 0x000000001ccfd800 Implicit null exception at 0x0000000003647394 to 0x000000000364747d
Event: 5.381 Thread 0x000000001ccfd800 Implicit null exception at 0x00000000036c3331 to 0x00000000036c338d
Event: 5.541 Thread 0x000000001ccfd800 Exception <a 'java/security/PrivilegedActionException'> (0x00000000d5fb7520) thrown at [C:\re\workspace\8-2-build-windows-amd64-cygwin\jdk8u101\7261\hotspot\src\share\vm\prims\jvm.cpp, line 1386]
Event: 5.541 Thread 0x000000001ccfd800 Exception <a 'java/security/PrivilegedActionException'> (0x00000000d5fb7b00) thrown at [C:\re\workspace\8-2-build-windows-amd64-cygwin\jdk8u101\7261\hotspot\src\share\vm\prims\jvm.cpp, line 1386]
Event: 5.665 Thread 0x000000001ccfd800 Exception <a 'oracle/mds/internal/persistence/DocElementPassedException'> (0x00000000d64af8d0) thrown at [C:\re\workspace\8-2-build-windows-amd64-cygwin\jdk8u101\7261\hotspot\src\share\vm\prims\jvm.cpp, line 1390]
Event: 5.882 Thread 0x000000001ccfd800 Implicit null exception at 0x00000000036cc21c to 0x00000000036cc285
Event: 5.902 Thread 0x000000001ccfd800 Exception <a 'java/lang/ArrayIndexOutOfBoundsException'> (0x00000000d6ff49d8) thrown at [C:\re\workspace\8-2-build-windows-amd64-cygwin\jdk8u101\7261\hotspot\src\share\vm\runtime\sharedRuntime.cpp, line 605]

Events (10 events):
Event: 5.955 loading class com/sun/org/apache/xml/internal/dtm/ref/DTMDefaultBaseIterators$InternalAxisIteratorBase done
Event: 5.955 loading class com/sun/org/apache/xml/internal/dtm/ref/DTMDefaultBaseIterators$AncestorIterator done
Event: 5.955 loading class com/sun/org/apache/xpath/internal/objects/XBoolean
Event: 5.956 loading class com/sun/org/apache/xpath/internal/objects/XBoolean done
Event: 5.956 loading class com/sun/org/apache/xpath/internal/objects/XBooleanStatic
Event: 5.956 loading class com/sun/org/apache/xpath/internal/objects/XBooleanStatic done
Event: 6.016 Thread 0x000000001ccfd800 DEOPT PACKING pc=0x000000000373ab29 sp=0x000000001e0ec490
Event: 6.016 Thread 0x000000001ccfd800 DEOPT UNPACKING pc=0x0000000002d1787f sp=0x000000001e0ec1f8 mode 0
Event: 6.021 Thread 0x000000001ccfd800 DEOPT PACKING pc=0x000000000373f88f sp=0x000000001e0ec850
Event: 6.021 Thread 0x000000001ccfd800 DEOPT UNPACKING pc=0x0000000002d1787f sp=0x000000001e0ec598 mode 0


Dynamic libraries:
0x00007ff7362e0000 - 0x00007ff736317000 	C:\Oracle\Middleware\Oracle_Home\oracle_common\jdk\bin\javaw.exe
0x00007fffcd170000 - 0x00007fffcd351000 	C:\Windows\SYSTEM32\ntdll.dll
0x00007fffccb20000 - 0x00007fffccbd2000 	C:\Windows\System32\KERNEL32.DLL
0x00007fffc9cf0000 - 0x00007fffc9f63000 	C:\Windows\System32\KERNELBASE.dll
0x00007fffcae90000 - 0x00007fffcaf31000 	C:\Windows\System32\ADVAPI32.dll
0x00007fffcca40000 - 0x00007fffccade000 	C:\Windows\System32\msvcrt.dll
0x00007fffcb100000 - 0x00007fffcb15b000 	C:\Windows\System32\sechost.dll
0x00007fffcc790000 - 0x00007fffcc8b4000 	C:\Windows\System32\RPCRT4.dll
0x00007fffccf50000 - 0x00007fffcd0e0000 	C:\Windows\System32\USER32.dll
0x00007fffca440000 - 0x00007fffca460000 	C:\Windows\System32\win32u.dll
0x00007fffcb170000 - 0x00007fffcb198000 	C:\Windows\System32\GDI32.dll
0x00007fffca460000 - 0x00007fffca5f2000 	C:\Windows\System32\gdi32full.dll
0x00007fffc9540000 - 0x00007fffc95df000 	C:\Windows\System32\msvcp_win.dll
0x00007fffca340000 - 0x00007fffca43a000 	C:\Windows\System32\ucrtbase.dll
0x00007fffb8f70000 - 0x00007fffb91d9000 	C:\Windows\WinSxS\amd64_microsoft.windows.common-controls_6595b64144ccf1df_6.0.17134.112_none_fb3f961b30681c12\COMCTL32.dll
0x00007fffca600000 - 0x00007fffca923000 	C:\Windows\System32\combase.dll
0x00007fffca260000 - 0x00007fffca2da000 	C:\Windows\System32\bcryptPrimitives.dll
0x00007fffccae0000 - 0x00007fffccb0d000 	C:\Windows\System32\IMM32.DLL
0x0000000054ac0000 - 0x0000000054b92000 	C:\Oracle\Middleware\Oracle_Home\oracle_common\jdk\jre\bin\msvcr100.dll
0x0000000058250000 - 0x0000000058aea000 	C:\Oracle\Middleware\Oracle_Home\oracle_common\jdk\jre\bin\server\jvm.dll
0x00007fffccb10000 - 0x00007fffccb18000 	C:\Windows\System32\PSAPI.DLL
0x00007fffb1ee0000 - 0x00007fffb1ee9000 	C:\Windows\SYSTEM32\WSOCK32.dll
0x00007fffcae20000 - 0x00007fffcae8c000 	C:\Windows\System32\WS2_32.dll
0x00007fffc7780000 - 0x00007fffc77a3000 	C:\Windows\SYSTEM32\WINMM.dll
0x00007fffbe5c0000 - 0x00007fffbe5ca000 	C:\Windows\SYSTEM32\VERSION.dll
0x00007fffc7750000 - 0x00007fffc777a000 	C:\Windows\SYSTEM32\WINMMBASE.dll
0x00007fffc9f70000 - 0x00007fffc9fb9000 	C:\Windows\System32\cfgmgr32.dll
0x0000000058240000 - 0x000000005824f000 	C:\Oracle\Middleware\Oracle_Home\oracle_common\jdk\jre\bin\verify.dll
0x0000000058210000 - 0x0000000058239000 	C:\Oracle\Middleware\Oracle_Home\oracle_common\jdk\jre\bin\java.dll
0x00000000581f0000 - 0x0000000058206000 	C:\Oracle\Middleware\Oracle_Home\oracle_common\jdk\jre\bin\zip.dll
0x00007fffcb200000 - 0x00007fffcc640000 	C:\Windows\System32\SHELL32.dll
0x00007fffcc640000 - 0x00007fffcc6e9000 	C:\Windows\System32\shcore.dll
0x00007fffc95e0000 - 0x00007fffc9ced000 	C:\Windows\System32\windows.storage.dll
0x00007fffcd0e0000 - 0x00007fffcd131000 	C:\Windows\System32\shlwapi.dll
0x00007fffc94e0000 - 0x00007fffc94f1000 	C:\Windows\System32\kernel.appcore.dll
0x00007fffc9520000 - 0x00007fffc953f000 	C:\Windows\System32\profapi.dll
0x00007fffc9490000 - 0x00007fffc94dc000 	C:\Windows\System32\powrprof.dll
0x00007fffc9480000 - 0x00007fffc948a000 	C:\Windows\System32\FLTLIB.DLL
0x0000000058010000 - 0x00000000581a8000 	C:\Oracle\Middleware\Oracle_Home\oracle_common\jdk\jre\bin\awt.dll
0x00007fffcce80000 - 0x00007fffccf42000 	C:\Windows\System32\OLEAUT32.dll
0x00007fffc7540000 - 0x00007fffc75cb000 	C:\Windows\SYSTEM32\apphelp.dll
0x00007fffc7b20000 - 0x00007fffc7bb8000 	C:\Windows\system32\uxtheme.dll
0x00007fffcc8c0000 - 0x00007fffcca35000 	C:\Windows\System32\MSCTF.dll
0x00007fffc7bf0000 - 0x00007fffc7c19000 	C:\Windows\system32\dwmapi.dll
0x00007fffcaf40000 - 0x00007fffcb091000 	C:\Windows\System32\ole32.dll
0x00000000581d0000 - 0x00000000581ea000 	C:\Oracle\Middleware\Oracle_Home\oracle_common\jdk\jre\bin\net.dll
0x00007fffc8ca0000 - 0x00007fffc8d06000 	C:\Windows\system32\mswsock.dll
0x00007fffacfd0000 - 0x00007fffacfe6000 	C:\Windows\system32\napinsp.dll
0x00007fffaca70000 - 0x00007fffaca8a000 	C:\Windows\system32\pnrpnsp.dll
0x00007fffc73e0000 - 0x00007fffc73f9000 	C:\Windows\system32\NLAapi.dll
0x00007fffc8a60000 - 0x00007fffc8b1e000 	C:\Windows\SYSTEM32\DNSAPI.dll
0x00007fffcb160000 - 0x00007fffcb168000 	C:\Windows\System32\NSI.dll
0x00007fffc8a20000 - 0x00007fffc8a58000 	C:\Windows\SYSTEM32\IPHLPAPI.DLL
0x00007fffacac0000 - 0x00007fffacace000 	C:\Windows\System32\winrnr.dll
0x00007fffbfd50000 - 0x00007fffbfd65000 	C:\Windows\System32\wshbth.dll
0x00007fffbf840000 - 0x00007fffbf84a000 	C:\Windows\System32\rasadhlp.dll
0x00007fffc5a90000 - 0x00007fffc5b02000 	C:\Windows\System32\fwpuclnt.dll
0x00007fffc8fd0000 - 0x00007fffc8ff5000 	C:\Windows\SYSTEM32\bcrypt.dll
0x0000000057f30000 - 0x0000000057f3d000 	C:\Oracle\Middleware\Oracle_Home\oracle_common\jdk\jre\bin\management.dll
0x00007fffc8e50000 - 0x00007fffc8e67000 	C:\Windows\SYSTEM32\CRYPTSP.dll
0x00007fffc8880000 - 0x00007fffc88b3000 	C:\Windows\system32\rsaenh.dll
0x00007fffc9380000 - 0x00007fffc93a8000 	C:\Windows\SYSTEM32\USERENV.dll
0x00007fffc90f0000 - 0x00007fffc90fb000 	C:\Windows\SYSTEM32\CRYPTBASE.dll
0x00007fffc5950000 - 0x00007fffc5966000 	C:\Windows\SYSTEM32\dhcpcsvc6.DLL
0x00007fffc5930000 - 0x00007fffc594a000 	C:\Windows\SYSTEM32\dhcpcsvc.DLL
0x00000000581b0000 - 0x00000000581c1000 	C:\Oracle\Middleware\Oracle_Home\oracle_common\jdk\jre\bin\nio.dll

VM Arguments:
jvm_args: -Djavax.net.ssl.trustStore=C:\Users\USMANR~1\AppData\Local\Temp\trustStore7810124208697079216.jks -Dhttp.proxyHost=sophos.usaparel.com -Dhttp.proxyPort=8080 -Dhttp.nonProxyHosts=localhost|localhost.localdomain|127.0.0.1|::1|usmanriaz.usaparel.com|usmanriaz|192.168.56.1|fmw.usaparel.com -Dhttps.proxyHost=sophos.usaparel.com -Dhttps.proxyPort=8080 -Djbo.debugoutput=console -XX:MaxPermSize=128M -Duser.language=en -Duser.country=US -Duser.variant= -Doracle.security.jps.config=/D:/work/startup/LAB/STHRMS/SoltechHRMS/src/META-INF/jps-config.xml -Dbc4jtester_port=23322 -Djdev.range=100 -Dmodel_project_file_path=/D:/work/startup/LAB/STHRMS/SoltechHRMS/Model/Model.jpr -Doracle.mds.cache=simple 
java_command: oracle.jbo.jbotester.MainFrame -X 167DA4C1262
java_class_path (initial): C:\Oracle\Middleware\Oracle_Home\oracle_common\jdk\jre\lib\resources.jar;C:\Oracle\Middleware\Oracle_Home\oracle_common\jdk\jre\lib\rt.jar;C:\Oracle\Middleware\Oracle_Home\oracle_common\jdk\jre\lib\sunrsasign.jar;C:\Oracle\Middleware\Oracle_Home\oracle_common\jdk\jre\lib\jsse.jar;C:\Oracle\Middleware\Oracle_Home\oracle_common\jdk\jre\lib\jce.jar;C:\Oracle\Middleware\Oracle_Home\oracle_common\jdk\jre\lib\charsets.jar;C:\Oracle\Middleware\Oracle_Home\oracle_common\jdk\jre\lib\jfr.jar;C:\Oracle\Middleware\Oracle_Home\oracle_common\jdk\jre\classes;D:\work\startup\LAB\STHRMS\SoltechHRMS\.adf;D:\work\startup\LAB\STHRMS\SoltechHRMS\Model\classes;C:\Oracle\Middleware\Oracle_Home\oracle_common\modules\oracle.adf.share\adf-share-support.jar;C:\Oracle\Middleware\Oracle_Home\oracle_common\modules\oracle.adf.share.ca\adf-share-ca.jar;C:\Oracle\Middleware\Oracle_Home\oracle_common\modules\oracle.adf.share.ca\adf-share-base.jar;C:\Oracle\Middleware\Oracle_Home\oracle_common\modules\oracle.adf.share\adflogginghandler.jar;C:\Oracle\Middleware\Oracle_Home\oracle_common\modules\oracle.adf.share\adfsharembean.jar;C:\Oracle\Middleware\Oracle_Home\oracle_common\modules\oracle.jmx\jmxframework.jar;C:\Oracle\Middleware\Oracle_Home\oracle_common\modules\oracle.jmx\jmxspi.jar;C:\Oracle\Middleware\Oracle_Home\oracle_common\modules\oracle.idm\identitystore.jar;C:\Oracle\Middleware\Oracle_Home\oracle_common\modules\oracle.adf.model\adfm.jar;C:\Oracle\Middleware\Oracle_Home\oracle_common\modules\oracle.adf.model\bc4j-mbeans.jar;C:\Oracle\Middleware\Oracle_Home\oracle_common\modules\groovy-all-2.4.6.jar;C:\Oracle\Middleware\Oracle_Home\oracle_common\modules\oracle.xdk\xmlparserv2.jar;C:\Oracle\Middleware\Oracle_Home\oracle_common\modules\oracle.adf.model\db-ca.jar;C:\Oracle\Middleware\Oracle_Home\oracle_common\modules\oracle.adf.model\jdev-cm.jar;C:\Oracle\Middleware\Oracle_Home\oracle_common\modules\oracle.ldap\ojmisc.jar;C:\Oracle\Middleware\Oracle_Home\oracle_commo
Launcher Type: SUN_STANDARD

Environment Variables:
PATH=C:\Program Files\Java\jdk1.8.0_131\jre\bin;C:\Program Files\Java\jdk1.8.0_131\bin;D:\app\oracle\product\12.1.0\dbhome_1\bin;D:\DevSuiteHome\jdk\jre\bin\classic;D:\DevSuiteHome\jdk\jre\bin;D:\DevSuiteHome\jdk\jre\bin\client;D:\DevSuiteHome\jlib;D:\DevSuiteHome\bin;D:\DevSuiteHome\jre\1.4.2\bin\client;D:\DevSuiteHome\jre\1.4.2\bin;C:\Program Files (x86)\Common Files\Oracle\Java\javapath;C:\Program Files (x86)\Intel\iCLS Client\;C:\Program Files\Intel\iCLS Client\;C:\Windows\system32;C:\Windows;C:\Windows\System32\Wbem;C:\Windows\System32\WindowsPowerShell\v1.0\;C:\Windows\System32\OpenSSH\;C:\Program Files (x86)\Intel\Intel(R) Management Engine Components\DAL;C:\Program Files\Intel\Intel(R) Management Engine Components\DAL;C:\Program Files (x86)\Intel\Intel(R) Management Engine Components\IPT;C:\Program Files\Intel\Intel(R) Management Engine Components\IPT;C:\Program Files (x86)\PuTTY\;C:\Users\usmanriaz\AppData\Local\Microsoft\WindowsApps;
USERNAME=usmanriaz
OS=Windows_NT
PROCESSOR_IDENTIFIER=Intel64 Family 6 Model 142 Stepping 9, GenuineIntel



---------------  S Y S T E M  ---------------

OS: Windows 10.0 , 64 bit Build 17134 (10.0.17134.1)

CPU:total 4 (2 cores per cpu, 2 threads per core) family 6 model 142 stepping 9, cmov, cx8, fxsr, mmx, sse, sse2, sse3, ssse3, sse4.1, sse4.2, popcnt, avx, avx2, aes, clmul, erms, 3dnowpref, lzcnt, ht, tsc, tscinvbit, bmi1, bmi2, adx

Memory: 4k page, physical 8283340k(471600k free), swap 13404364k(3124k free)

vm_info: Java HotSpot(TM) 64-Bit Server VM (25.101-b13) for windows-amd64 JRE (1.8.0_101-b13), built on Jun 22 2016 01:21:29 by "java_re" with MS VC++ 10.0 (VS2010)

time: Sun Dec 23 14:01:26 2018
elapsed time: 6 seconds (0d 0h 0m 6s)

